{"uid":"2bcb91a4089493df","name":"Build can be executed and completed successfully","fullName":"com.example.teamcity.api.StartBuildTest.buildStartAndSuccessfulCompletionTest","historyId":"4a66cac4d6985eefae56b291fbdfbfa1","time":{"start":1743981796040,"stop":1743981813843,"duration":17803},"status":"broken","statusMessage":"Condition with com.example.teamcity.api.StartBuildTest was not fulfilled within 15 seconds.","statusTrace":"org.awaitility.core.ConditionTimeoutException: Condition with com.example.teamcity.api.StartBuildTest was not fulfilled within 15 seconds.\n\tat org.awaitility.core.ConditionAwaiter.await(ConditionAwaiter.java:167)\n\tat org.awaitility.core.CallableCondition.await(CallableCondition.java:78)\n\tat org.awaitility.core.CallableCondition.await(CallableCondition.java:26)\n\tat org.awaitility.core.ConditionFactory.until(ConditionFactory.java:985)\n\tat org.awaitility.core.ConditionFactory.until(ConditionFactory.java:954)\n\tat com.example.teamcity.api.StartBuildTest.buildStartAndSuccessfulCompletionTest(StartBuildTest.java:36)\n\tat java.base/jdk.internal.reflect.NativeMethodAccessorImpl.invoke0(Native Method)\n\tat java.base/jdk.internal.reflect.NativeMethodAccessorImpl.invoke(NativeMethodAccessorImpl.java:77)\n\tat java.base/jdk.internal.reflect.DelegatingMethodAccessorImpl.invoke(DelegatingMethodAccessorImpl.java:43)\n\tat java.base/java.lang.reflect.Method.invoke(Method.java:569)\n\tat org.testng.internal.invokers.MethodInvocationHelper.invokeMethod(MethodInvocationHelper.java:141)\n\tat org.testng.internal.invokers.TestInvoker.invokeMethod(TestInvoker.java:686)\n\tat org.testng.internal.invokers.TestInvoker.invokeTestMethod(TestInvoker.java:230)\n\tat org.testng.internal.invokers.MethodRunner.runInSequence(MethodRunner.java:63)\n\tat org.testng.internal.invokers.TestInvoker$MethodInvocationAgent.invoke(TestInvoker.java:992)\n\tat org.testng.internal.invokers.TestInvoker.invokeTestMethods(TestInvoker.java:203)\n\tat org.testng.internal.invokers.TestMethodWorker.invokeTestMethods(TestMethodWorker.java:154)\n\tat org.testng.internal.invokers.TestMethodWorker.run(TestMethodWorker.java:134)\n\tat java.base/java.util.ArrayList.forEach(ArrayList.java:1511)\n\tat org.testng.TestRunner.privateRun(TestRunner.java:739)\n\tat org.testng.TestRunner.run(TestRunner.java:614)\n\tat org.testng.SuiteRunner.runTest(SuiteRunner.java:421)\n\tat org.testng.SuiteRunner.runSequentially(SuiteRunner.java:413)\n\tat org.testng.SuiteRunner.privateRun(SuiteRunner.java:373)\n\tat org.testng.SuiteRunner.run(SuiteRunner.java:312)\n\tat org.testng.SuiteRunnerWorker.runSuite(SuiteRunnerWorker.java:52)\n\tat org.testng.SuiteRunnerWorker.run(SuiteRunnerWorker.java:95)\n\tat org.testng.TestNG.runSuitesSequentially(TestNG.java:1274)\n\tat org.testng.TestNG.runSuitesLocally(TestNG.java:1208)\n\tat org.testng.TestNG.runSuites(TestNG.java:1112)\n\tat org.testng.TestNG.run(TestNG.java:1079)\n\tat org.apache.maven.surefire.testng.TestNGExecutor.run(TestNGExecutor.java:155)\n\tat org.apache.maven.surefire.testng.TestNGDirectoryTestSuite.executeMulti(TestNGDirectoryTestSuite.java:169)\n\tat org.apache.maven.surefire.testng.TestNGDirectoryTestSuite.execute(TestNGDirectoryTestSuite.java:88)\n\tat org.apache.maven.surefire.testng.TestNGProvider.invoke(TestNGProvider.java:137)\n\tat org.apache.maven.surefire.booter.ForkedBooter.runSuitesInProcess(ForkedBooter.java:385)\n\tat org.apache.maven.surefire.booter.ForkedBooter.execute(ForkedBooter.java:162)\n\tat org.apache.maven.surefire.booter.ForkedBooter.run(ForkedBooter.java:507)\n\tat org.apache.maven.surefire.booter.ForkedBooter.main(ForkedBooter.java:495)\n","flaky":false,"newFailed":false,"newBroken":false,"newPassed":false,"retriesCount":0,"retriesStatusChange":false,"beforeStages":[{"name":"beforeTest","time":{"start":1743981796037,"stop":1743981796038,"duration":1},"description":"","status":"passed","steps":[],"attachments":[],"parameters":[],"shouldDisplayMessage":false,"stepsCount":0,"attachmentsCount":0,"hasContent":false}],"testStage":{"status":"broken","statusMessage":"Condition with com.example.teamcity.api.StartBuildTest was not fulfilled within 15 seconds.","statusTrace":"org.awaitility.core.ConditionTimeoutException: Condition with com.example.teamcity.api.StartBuildTest was not fulfilled within 15 seconds.\n\tat org.awaitility.core.ConditionAwaiter.await(ConditionAwaiter.java:167)\n\tat org.awaitility.core.CallableCondition.await(CallableCondition.java:78)\n\tat org.awaitility.core.CallableCondition.await(CallableCondition.java:26)\n\tat org.awaitility.core.ConditionFactory.until(ConditionFactory.java:985)\n\tat org.awaitility.core.ConditionFactory.until(ConditionFactory.java:954)\n\tat com.example.teamcity.api.StartBuildTest.buildStartAndSuccessfulCompletionTest(StartBuildTest.java:36)\n\tat java.base/jdk.internal.reflect.NativeMethodAccessorImpl.invoke0(Native Method)\n\tat java.base/jdk.internal.reflect.NativeMethodAccessorImpl.invoke(NativeMethodAccessorImpl.java:77)\n\tat java.base/jdk.internal.reflect.DelegatingMethodAccessorImpl.invoke(DelegatingMethodAccessorImpl.java:43)\n\tat java.base/java.lang.reflect.Method.invoke(Method.java:569)\n\tat org.testng.internal.invokers.MethodInvocationHelper.invokeMethod(MethodInvocationHelper.java:141)\n\tat org.testng.internal.invokers.TestInvoker.invokeMethod(TestInvoker.java:686)\n\tat org.testng.internal.invokers.TestInvoker.invokeTestMethod(TestInvoker.java:230)\n\tat org.testng.internal.invokers.MethodRunner.runInSequence(MethodRunner.java:63)\n\tat org.testng.internal.invokers.TestInvoker$MethodInvocationAgent.invoke(TestInvoker.java:992)\n\tat org.testng.internal.invokers.TestInvoker.invokeTestMethods(TestInvoker.java:203)\n\tat org.testng.internal.invokers.TestMethodWorker.invokeTestMethods(TestMethodWorker.java:154)\n\tat org.testng.internal.invokers.TestMethodWorker.run(TestMethodWorker.java:134)\n\tat java.base/java.util.ArrayList.forEach(ArrayList.java:1511)\n\tat org.testng.TestRunner.privateRun(TestRunner.java:739)\n\tat org.testng.TestRunner.run(TestRunner.java:614)\n\tat org.testng.SuiteRunner.runTest(SuiteRunner.java:421)\n\tat org.testng.SuiteRunner.runSequentially(SuiteRunner.java:413)\n\tat org.testng.SuiteRunner.privateRun(SuiteRunner.java:373)\n\tat org.testng.SuiteRunner.run(SuiteRunner.java:312)\n\tat org.testng.SuiteRunnerWorker.runSuite(SuiteRunnerWorker.java:52)\n\tat org.testng.SuiteRunnerWorker.run(SuiteRunnerWorker.java:95)\n\tat org.testng.TestNG.runSuitesSequentially(TestNG.java:1274)\n\tat org.testng.TestNG.runSuitesLocally(TestNG.java:1208)\n\tat org.testng.TestNG.runSuites(TestNG.java:1112)\n\tat org.testng.TestNG.run(TestNG.java:1079)\n\tat org.apache.maven.surefire.testng.TestNGExecutor.run(TestNGExecutor.java:155)\n\tat org.apache.maven.surefire.testng.TestNGDirectoryTestSuite.executeMulti(TestNGDirectoryTestSuite.java:169)\n\tat org.apache.maven.surefire.testng.TestNGDirectoryTestSuite.execute(TestNGDirectoryTestSuite.java:88)\n\tat org.apache.maven.surefire.testng.TestNGProvider.invoke(TestNGProvider.java:137)\n\tat org.apache.maven.surefire.booter.ForkedBooter.runSuitesInProcess(ForkedBooter.java:385)\n\tat org.apache.maven.surefire.booter.ForkedBooter.execute(ForkedBooter.java:162)\n\tat org.apache.maven.surefire.booter.ForkedBooter.run(ForkedBooter.java:507)\n\tat org.apache.maven.surefire.booter.ForkedBooter.main(ForkedBooter.java:495)\n","steps":[],"attachments":[{"uid":"5ef2d2f6198a666","name":"Request","source":"5ef2d2f6198a666.html","type":"text/html","size":935},{"uid":"cf3dd1b67f756973","name":"HTTP/1.1 200 ","source":"cf3dd1b67f756973.html","type":"text/html","size":2270},{"uid":"4916099c95c8af76","name":"Request","source":"4916099c95c8af76.html","type":"text/html","size":3339},{"uid":"d0e3f9b8ff422954","name":"HTTP/1.1 200 ","source":"d0e3f9b8ff422954.html","type":"text/html","size":4010},{"uid":"a029b980a3bc8f03","name":"Request","source":"a029b980a3bc8f03.html","type":"text/html","size":604},{"uid":"809963c631635a8d","name":"HTTP/1.1 200 ","source":"809963c631635a8d.html","type":"text/html","size":4010},{"uid":"6f419c91a4b6c095","name":"Request","source":"6f419c91a4b6c095.html","type":"text/html","size":4027},{"uid":"f7b876107c30438a","name":"HTTP/1.1 200 ","source":"f7b876107c30438a.html","type":"text/html","size":2385},{"uid":"e9ebe38847869a80","name":"Request","source":"e9ebe38847869a80.html","type":"text/html","size":568},{"uid":"55e45c35dd672621","name":"HTTP/1.1 200 ","source":"55e45c35dd672621.html","type":"text/html","size":2408},{"uid":"ae77dc988ad09fe5","name":"Request","source":"ae77dc988ad09fe5.html","type":"text/html","size":568},{"uid":"ca0dab70c72c23ad","name":"HTTP/1.1 200 ","source":"ca0dab70c72c23ad.html","type":"text/html","size":2408},{"uid":"46689708cf507e6d","name":"Request","source":"46689708cf507e6d.html","type":"text/html","size":568},{"uid":"235818104efd26e5","name":"HTTP/1.1 200 ","source":"235818104efd26e5.html","type":"text/html","size":2408},{"uid":"45b930a42f20db2e","name":"Request","source":"45b930a42f20db2e.html","type":"text/html","size":568},{"uid":"88aa06eca3a6ad90","name":"HTTP/1.1 200 ","source":"88aa06eca3a6ad90.html","type":"text/html","size":2408},{"uid":"c269decfbc817cb8","name":"Request","source":"c269decfbc817cb8.html","type":"text/html","size":568},{"uid":"b7aeb91ce7c45eb6","name":"HTTP/1.1 200 ","source":"b7aeb91ce7c45eb6.html","type":"text/html","size":2408},{"uid":"94c1dc56ee1bc99","name":"Request","source":"94c1dc56ee1bc99.html","type":"text/html","size":568},{"uid":"fb66231f3b8b0b61","name":"HTTP/1.1 200 ","source":"fb66231f3b8b0b61.html","type":"text/html","size":2408},{"uid":"3cc69ab09c6ab7bc","name":"Request","source":"3cc69ab09c6ab7bc.html","type":"text/html","size":568},{"uid":"565c8dc3492c4aa0","name":"HTTP/1.1 200 ","source":"565c8dc3492c4aa0.html","type":"text/html","size":2408}],"parameters":[],"shouldDisplayMessage":true,"stepsCount":0,"attachmentsCount":22,"hasContent":true},"afterStages":[{"name":"afterTest","time":{"start":1743981813852,"stop":1743981813982,"duration":130},"description":"","status":"passed","steps":[],"attachments":[{"uid":"7c89d74870c7e78f","name":"Request","source":"7c89d74870c7e78f.html","type":"text/html","size":620},{"uid":"cef78d97f6ce299e","name":"HTTP/1.1 204 ","source":"cef78d97f6ce299e.html","type":"text/html","size":478},{"uid":"8dc6a5cddbd6fe20","name":"Request","source":"8dc6a5cddbd6fe20.html","type":"text/html","size":616},{"uid":"3a4695ae6c3bab26","name":"HTTP/1.1 204 ","source":"3a4695ae6c3bab26.html","type":"text/html","size":478},{"uid":"efc1d74928bc49d1","name":"Request","source":"efc1d74928bc49d1.html","type":"text/html","size":592},{"uid":"1da0102b5ab86f69","name":"HTTP/1.1 404 ","source":"1da0102b5ab86f69.html","type":"text/html","size":858}],"parameters":[],"shouldDisplayMessage":false,"stepsCount":0,"attachmentsCount":6,"hasContent":true}],"labels":[{"name":"package","value":"com.example.teamcity.api.StartBuildTest"},{"name":"testClass","value":"com.example.teamcity.api.StartBuildTest"},{"name":"testMethod","value":"buildStartAndSuccessfulCompletionTest"},{"name":"parentSuite","value":"Surefire suite"},{"name":"suite","value":"Surefire test"},{"name":"subSuite","value":"com.example.teamcity.api.StartBuildTest"},{"name":"host","value":"fv-az1308-423"},{"name":"thread","value":"4292@fv-az1308-423.main(1)"},{"name":"framework","value":"testng"},{"name":"language","value":"java"},{"name":"resultFormat","value":"allure2"}],"parameters":[],"links":[],"hidden":false,"retry":false,"extra":{"severity":"normal","retries":[],"categories":[{"name":"Test defects","matchedStatuses":[],"flaky":false}],"tags":[]},"source":"2bcb91a4089493df.json","parameterValues":[]}