{"uuid":"1871c863-d9ff-4ee1-b251-5ef0d6e3076f","historyId":"5e64a5759a00ac06cf0bb97d038f7ab5","fullName":"com.example.teamcity.api.BuildTypeTest.projectAdminCreatesBuildTypeForAnotherUserProjectTest","labels":[{"name":"package","value":"com.example.teamcity.api.BuildTypeTest"},{"name":"testClass","value":"com.example.teamcity.api.BuildTypeTest"},{"name":"testMethod","value":"projectAdminCreatesBuildTypeForAnotherUserProjectTest"},{"name":"parentSuite","value":"Default Suite"},{"name":"suite","value":"teamcity-testing-framework"},{"name":"subSuite","value":"com.example.teamcity.api.BuildTypeTest"},{"name":"host","value":"julia-kovalenko"},{"name":"thread","value":"10532@julia-kovalenko.main(1)"},{"name":"framework","value":"testng"},{"name":"language","value":"java"}],"links":[],"name":"Project admin should not be able to create build type for not their project","status":"failed","statusDetails":{"known":false,"muted":false,"flaky":false,"message":"1 expectation failed.\nResponse body doesn't match expectation.\nExpected: a string containing \"You do not have enough permissions to edit project with id: test_tUdYxYiPAj \\nAccess denied. Check the user has enough permissions to perform the operation.\"\n  Actual: Responding with error, status code: 403 (Forbidden).\nDetails: jetbrains.buildServer.serverSide.auth.AccessDeniedException: You do not have enough permissions to edit project with id: test_tUdYxYiPAj\nAccess denied. Check the user has enough permissions to perform the operation.\n","trace":"java.lang.AssertionError: 1 expectation failed.\nResponse body doesn't match expectation.\nExpected: a string containing \"You do not have enough permissions to edit project with id: test_tUdYxYiPAj \\nAccess denied. Check the user has enough permissions to perform the operation.\"\n  Actual: Responding with error, status code: 403 (Forbidden).\nDetails: jetbrains.buildServer.serverSide.auth.AccessDeniedException: You do not have enough permissions to edit project with id: test_tUdYxYiPAj\nAccess denied. Check the user has enough permissions to perform the operation.\n\r\n\tat java.base/jdk.internal.reflect.DirectConstructorHandleAccessor.newInstance(DirectConstructorHandleAccessor.java:62)\r\n\tat java.base/java.lang.reflect.Constructor.newInstanceWithCaller(Constructor.java:502)\r\n\tat java.base/java.lang.reflect.Constructor.newInstance(Constructor.java:486)\r\n\tat org.codehaus.groovy.reflection.CachedConstructor.invoke(CachedConstructor.java:73)\r\n\tat org.codehaus.groovy.runtime.callsite.ConstructorSite$ConstructorSiteNoUnwrapNoCoerce.callConstructor(ConstructorSite.java:108)\r\n\tat org.codehaus.groovy.runtime.callsite.CallSiteArray.defaultCallConstructor(CallSiteArray.java:57)\r\n\tat org.codehaus.groovy.runtime.callsite.AbstractCallSite.callConstructor(AbstractCallSite.java:263)\r\n\tat org.codehaus.groovy.runtime.callsite.AbstractCallSite.callConstructor(AbstractCallSite.java:277)\r\n\tat io.restassured.internal.ResponseSpecificationImpl$HamcrestAssertionClosure.validate(ResponseSpecificationImpl.groovy:512)\r\n\tat io.restassured.internal.ResponseSpecificationImpl$HamcrestAssertionClosure$validate$1.call(Unknown Source)\r\n\tat io.restassured.internal.ResponseSpecificationImpl.validateResponseIfRequired(ResponseSpecificationImpl.groovy:696)\r\n\tat io.restassured.internal.ResponseSpecificationImpl.this$2$validateResponseIfRequired(ResponseSpecificationImpl.groovy)\r\n\tat java.base/jdk.internal.reflect.DirectMethodHandleAccessor.invoke(DirectMethodHandleAccessor.java:103)\r\n\tat java.base/java.lang.reflect.Method.invoke(Method.java:580)\r\n\tat org.codehaus.groovy.runtime.callsite.PlainObjectMetaMethodSite.doInvoke(PlainObjectMetaMethodSite.java:43)\r\n\tat org.codehaus.groovy.runtime.callsite.PogoMetaMethodSite$PogoCachedMethodSiteNoUnwrapNoCoerce.invoke(PogoMetaMethodSite.java:198)\r\n\tat org.codehaus.groovy.runtime.callsite.PogoMetaMethodSite.callCurrent(PogoMetaMethodSite.java:62)\r\n\tat org.codehaus.groovy.runtime.callsite.CallSiteArray.defaultCallCurrent(CallSiteArray.java:49)\r\n\tat org.codehaus.groovy.runtime.callsite.AbstractCallSite.callCurrent(AbstractCallSite.java:171)\r\n\tat org.codehaus.groovy.runtime.callsite.AbstractCallSite.callCurrent(AbstractCallSite.java:185)\r\n\tat io.restassured.internal.ResponseSpecificationImpl.body(ResponseSpecificationImpl.groovy:107)\r\n\tat io.restassured.internal.ValidatableResponseOptionsImpl.body(ValidatableResponseOptionsImpl.java:238)\r\n\tat com.example.teamcity.api.BuildTypeTest.projectAdminCreatesBuildTypeForAnotherUserProjectTest(BuildTypeTest.java:123)\r\n\tat java.base/jdk.internal.reflect.DirectMethodHandleAccessor.invoke(DirectMethodHandleAccessor.java:103)\r\n\tat java.base/java.lang.reflect.Method.invoke(Method.java:580)\r\n\tat org.testng.internal.invokers.MethodInvocationHelper.invokeMethod(MethodInvocationHelper.java:141)\r\n\tat org.testng.internal.invokers.TestInvoker.invokeMethod(TestInvoker.java:686)\r\n\tat org.testng.internal.invokers.TestInvoker.invokeTestMethod(TestInvoker.java:230)\r\n\tat org.testng.internal.invokers.MethodRunner.runInSequence(MethodRunner.java:63)\r\n\tat org.testng.internal.invokers.TestInvoker$MethodInvocationAgent.invoke(TestInvoker.java:992)\r\n\tat org.testng.internal.invokers.TestInvoker.invokeTestMethods(TestInvoker.java:203)\r\n\tat org.testng.internal.invokers.TestMethodWorker.invokeTestMethods(TestMethodWorker.java:154)\r\n\tat org.testng.internal.invokers.TestMethodWorker.run(TestMethodWorker.java:134)\r\n\tat java.base/java.util.ArrayList.forEach(ArrayList.java:1596)\r\n\tat org.testng.TestRunner.privateRun(TestRunner.java:739)\r\n\tat org.testng.TestRunner.run(TestRunner.java:614)\r\n\tat org.testng.SuiteRunner.runTest(SuiteRunner.java:421)\r\n\tat org.testng.SuiteRunner.runSequentially(SuiteRunner.java:413)\r\n\tat org.testng.SuiteRunner.privateRun(SuiteRunner.java:373)\r\n\tat org.testng.SuiteRunner.run(SuiteRunner.java:312)\r\n\tat org.testng.SuiteRunnerWorker.runSuite(SuiteRunnerWorker.java:52)\r\n\tat org.testng.SuiteRunnerWorker.run(SuiteRunnerWorker.java:95)\r\n\tat org.testng.TestNG.runSuitesSequentially(TestNG.java:1274)\r\n\tat org.testng.TestNG.runSuitesLocally(TestNG.java:1208)\r\n\tat org.testng.TestNG.runSuites(TestNG.java:1112)\r\n\tat org.testng.TestNG.run(TestNG.java:1079)\r\n\tat com.intellij.rt.testng.IDEARemoteTestNG.run(IDEARemoteTestNG.java:65)\r\n\tat com.intellij.rt.testng.RemoteTestNGStarter.main(RemoteTestNGStarter.java:105)\r\n"},"stage":"finished","steps":[{"name":"Create user1","status":"passed","stage":"finished","steps":[],"attachments":[],"parameters":[],"start":1739915627958,"stop":1739915627959},{"name":"Create project1","status":"passed","stage":"finished","steps":[],"attachments":[],"parameters":[],"start":1739915627959,"stop":1739915627959},{"name":"Grant user1 PROJECT_ADMIN role in project","status":"passed","stage":"finished","steps":[],"attachments":[],"parameters":[],"start":1739915627959,"stop":1739915627959},{"name":"Create user2","status":"passed","stage":"finished","steps":[],"attachments":[],"parameters":[],"start":1739915627959,"stop":1739915627959},{"name":"Create project2","status":"passed","stage":"finished","steps":[],"attachments":[],"parameters":[],"start":1739915627960,"stop":1739915627960},{"name":"Grant user2 PROJECT_ADMIN role in project","status":"passed","stage":"finished","steps":[],"attachments":[],"parameters":[],"start":1739915627960,"stop":1739915627960},{"name":"Create buildtype for project1 by user2","status":"passed","stage":"finished","steps":[],"attachments":[],"parameters":[],"start":1739915627960,"stop":1739915627960},{"name":"Check buildtype was not created with forbidden code","status":"passed","stage":"finished","steps":[],"attachments":[],"parameters":[],"start":1739915627960,"stop":1739915627960}],"attachments":[],"parameters":[],"start":1739915627955,"stop":1739915630298}